2022-12-08T17:56:58.019Z [Debug Aurélien] e: Echec décodage du token
2022-12-08T17:56:58.034Z [Debug Aurélien] e: Echec: UNAUTHORIZED 2
2022-12-08T17:57:59.105Z [Debug Aurélien] e: Echec décodage du token
2022-12-08T17:57:59.119Z [Debug Aurélien] e: Echec: UNAUTHORIZED 2
2022-12-08T17:58:16.550Z [Debug Aurélien] e: Echec décodage du token
2022-12-08T17:58:16.565Z [Debug Aurélien] e: Echec: UNAUTHORIZED 2
2022-12-08T17:58:40.749Z [Debug Aurélien] e: Echec décodage du token
2022-12-08T17:58:40.763Z [Debug Aurélien] e: Echec: UNAUTHORIZED 2
2022-12-08T17:59:02.724Z [Debug Aurélien] e: Echec: UNAUTHORIZED 1 : un user a voulu s'enregistrer avec l'email : aurel104@ynov.com
2022-12-08T17:59:21.667Z [Debug Aurélien] i: createUser from aurel105@ynov.com
2022-12-08T17:59:21.689Z [Debug Aurélien] i: createUser/save from aurel105@ynov.com
2022-12-08T17:59:32.734Z [Debug Aurélien] i: login from aurel105@ynov.com
2022-12-08T18:00:03.721Z [Debug Aurélien] e: Echec décodage du token
2022-12-08T18:00:03.735Z [Debug Aurélien] e: Echec: UNAUTHORIZED 2
2022-12-08T18:00:55.193Z [Debug Aurélien] e: Echec: UNAUTHORIZED 1 : un user a voulu s'enregistrer avec l'email : aurel104@ynov.com
2022-12-08T18:01:49.461Z [Debug Aurélien] i: Succès: user enregistré avec l'email : aurel105@ynov.com
2022-12-08T18:01:49.501Z [Debug Aurélien] i: updateUser from aurel105@ynov.com
2022-12-08T18:02:21.861Z [Debug Aurélien] e: Echec décodage du token
2022-12-08T18:02:21.878Z [Debug Aurélien] e: Echec: UNAUTHORIZED 2
2022-12-08T18:03:05.166Z [Debug Aurélien] e: Echec décodage du token
2022-12-08T18:03:05.181Z [Debug Aurélien] e: Echec: UNAUTHORIZED 2
2022-12-08T18:03:26.646Z [Debug Aurélien] e: Echec décodage du token
2022-12-08T18:03:26.662Z [Debug Aurélien] e: Echec: UNAUTHORIZED 2
2022-12-08T18:04:06.765Z [Debug Aurélien] i: Succès: user enregistré avec l'email : aurel105@ynov.com
2022-12-08T18:04:06.790Z [Debug Aurélien] i: deleteUser from undefined
2022-12-09T14:34:57.576Z [Debug Aurélien] i: Le serveur à répondu
2022-12-09T15:41:04.204Z [Debug Aurélien] i: Le serveur à répondu et est connecté sur le port [object Object]
2022-12-09T15:42:33.571Z [Debug Aurélien] i: Le serveur à répondu et est connecté sur le port [object Object]
2023-01-05T11:20:24.602Z [Debug Aurélien] i: createUser from aurel105@ynov.com
2023-01-05T11:20:24.633Z [Debug Aurélien] i: createUser/save from aurel105@ynov.com
2023-01-05T11:21:52.341Z [Debug Aurélien] i: createUser from aurel100@ynov.com
2023-01-05T11:21:52.355Z [Debug Aurélien] i: createUser/save from aurel100@ynov.com
2023-01-05T11:22:48.236Z [Debug Aurélien] i: createUser from aurelien.vaillant49@ynov.com
2023-01-05T11:22:48.254Z [Debug Aurélien] i: createUser/save from aurelien.vaillant49@ynov.com
2023-01-05T11:38:18.815Z [Debug Aurélien] i: createUser from aurel8888@ynov.com
2023-01-05T11:38:18.838Z [Debug Aurélien] i: createUser/save from aurel8888@ynov.com
2023-01-05T12:23:41.289Z [Debug Aurélien] i: createUser from 
2023-01-05T12:23:41.293Z [Debug Aurélien] e: createUser/save from : API REST ERROR: Pb avec la creation
2023-01-05T12:23:44.506Z [Debug Aurélien] i: createUser from wq
2023-01-05T12:23:44.506Z [Debug Aurélien] e: createUser/save from wq: API REST ERROR: Pb avec la creation
2023-01-05T12:23:50.285Z [Debug Aurélien] i: createUser from qww
2023-01-05T12:23:50.286Z [Debug Aurélien] e: createUser/save from qww: API REST ERROR: Pb avec la creation
2023-01-05T12:32:42.399Z [Debug Aurélien] i: createUser from 
2023-01-05T12:32:42.400Z [Debug Aurélien] e: createUser/save from : API REST ERROR: Pb avec la creation
2023-01-05T12:33:58.421Z [Debug Aurélien] i: createUser from xxxx@xxxxx.com
2023-01-05T12:33:58.565Z [Debug Aurélien] i: createUser/save from xxxx@xxxxx.com
2023-01-05T12:36:34.766Z [Debug Aurélien] i: createUser from un@deux.com
2023-01-05T12:36:34.785Z [Debug Aurélien] i: createUser/save from un@deux.com
2023-01-05T12:37:55.957Z [Debug Aurélien] i: createUser from Zapatta@pinder.com
2023-01-05T12:37:55.973Z [Debug Aurélien] i: createUser/save from Zapatta@pinder.com
2023-01-05T12:38:39.332Z [Debug Aurélien] i: createUser from Salut@ecole.pata
2023-01-05T12:38:39.349Z [Debug Aurélien] i: createUser/save from Salut@ecole.pata
2023-01-05T12:41:32.476Z [Debug Aurélien] i: createUser from aurel1@ynov.com
2023-01-05T12:41:32.500Z [Debug Aurélien] i: createUser/save from aurel1@ynov.com
2023-01-05T12:46:03.687Z [Debug Aurélien] e: login from aurel105@ynov.com: USER RESULT NULL
2023-01-05T12:46:15.824Z [Debug Aurélien] e: login from aurel1@ynov.com: API REST ERROR: COMPARISON FAILED
2023-01-05T12:46:29.259Z [Debug Aurélien] i: login from aurel1@ynov.com
2023-01-05T12:47:35.644Z [Debug Aurélien] i: login from aurel1@ynov.com
2023-01-05T12:49:42.523Z [Debug Aurélien] i: login from aurel1@ynov.com
2023-01-05T12:52:30.542Z [Debug Aurélien] i: login from aurel1@ynov.com
2023-01-05T12:53:46.447Z [Debug Aurélien] i: login from aurel1@ynov.com
2023-01-05T12:56:56.549Z [Debug Aurélien] e: Echec décodage du token
2023-01-05T12:56:56.573Z [Debug Aurélien] e: Echec: UNAUTHORIZED 2
2023-01-05T12:59:51.118Z [Debug Aurélien] i: login from aurel1@ynov.com
2023-01-05T13:35:14.896Z [Debug Aurélien] i: login from aurel1@ynov.com
2023-01-05T13:35:28.641Z [Debug Aurélien] i: login from aurel1@ynov.com
2023-01-05T13:54:38.593Z [Debug Aurélien] i: login from aurel1@ynov.com
2023-01-05T13:56:52.641Z [Debug Aurélien] i: login from aurel1@ynov.com
2023-01-05T13:58:23.558Z [Debug Aurélien] i: login from aurel1@ynov.com
2023-01-05T13:58:52.850Z [Debug Aurélien] i: login from aurel1@ynov.com
2023-01-05T14:00:28.788Z [Debug Aurélien] i: login from aurel1@ynov.com
2023-01-05T14:02:13.662Z [Debug Aurélien] i: login from aurel1@ynov.com
2023-01-05T14:04:37.199Z [Debug Aurélien] i: login from aurel1@ynov.com
2023-01-05T14:05:38.432Z [Debug Aurélien] i: login from aurel1@ynov.com
2023-01-05T14:08:24.858Z [Debug Aurélien] i: login from aurel1@ynov.com
2023-01-05T14:10:19.130Z [Debug Aurélien] i: login from aurel1@ynov.com
2023-01-05T14:11:58.115Z [Debug Aurélien] i: login from aurel1@ynov.com
2023-01-05T14:13:17.391Z [Debug Aurélien] i: createUser from lechat@ynov.com
2023-01-05T14:13:17.417Z [Debug Aurélien] i: createUser/save from lechat@ynov.com
2023-01-05T14:13:41.090Z [Debug Aurélien] i: login from lechat@ynov.com
2023-01-05T14:29:50.471Z [Debug Aurélien] i: login from aurel1@ynov.com
2023-01-05T14:30:26.387Z [Debug Aurélien] i: login from aurel1@ynov.com
2023-01-05T14:57:36.274Z [Debug Aurélien] i: login from aurel1@ynov.com
2023-01-05T15:05:05.387Z [Debug Aurélien] i: login from aurel1@ynov.com
2023-01-05T15:07:52.348Z [Debug Aurélien] i: login from aurel1@ynov.com
2023-01-05T15:10:26.150Z [Debug Aurélien] i: login from aurel1@ynov.com
2023-01-05T15:12:20.386Z [Debug Aurélien] i: login from aurel1@ynov.com
2023-01-05T15:13:35.750Z [Debug Aurélien] i: login from aurel1@ynov.com
2023-01-05T15:15:27.646Z [Debug Aurélien] i: login from aurel1@ynov.com
2023-01-05T15:16:43.331Z [Debug Aurélien] i: login from aurel1@ynov.com
2023-01-05T15:17:50.502Z [Debug Aurélien] i: login from aurel1@ynov.com
2023-01-05T15:18:37.960Z [Debug Aurélien] i: login from aurel1@ynov.com
2023-01-05T15:57:29.717Z [Debug Aurélien] i: login from aurel1@ynov.com
2023-01-05T15:59:21.348Z [Debug Aurélien] i: login from aurel1@ynov.com
2023-01-05T16:00:51.536Z [Debug Aurélien] i: login from aurel1@ynov.com
2023-01-05T16:01:35.004Z [Debug Aurélien] i: login from aurel1@ynov.com
2023-01-05T16:03:35.082Z [Debug Aurélien] i: login from aurel1@ynov.com
2023-01-05T16:07:36.467Z [Debug Aurélien] i: login from aurel1@ynov.com
2023-01-05T16:09:44.515Z [Debug Aurélien] i: login from aurel1@ynov.com
2023-01-05T16:10:29.363Z [Debug Aurélien] i: login from aurel1@ynov.com
2023-01-05T16:12:39.284Z [Debug Aurélien] i: login from lechat@ynov.com
2023-01-05T16:13:26.606Z [Debug Aurélien] i: login from lechat@ynov.com
2023-01-05T16:14:05.836Z [Debug Aurélien] i: login from aurel1@ynov.com
2023-01-05T16:21:15.007Z [Debug Aurélien] i: login from lechat@ynov.com
2023-01-05T16:21:50.497Z [Debug Aurélien] i: login from aurel1@ynov.com
2023-01-05T16:25:06.155Z [Debug Aurélien] e: login from lechat@ynvo.com: USER RESULT NULL
2023-01-05T16:25:57.998Z [Debug Aurélien] e: login from toto@tata.com: USER RESULT NULL
2023-01-05T16:27:38.989Z [Debug Aurélien] e: login from toto@tata.com: USER RESULT NULL
2023-01-05T16:29:58.528Z [Debug Aurélien] i: login from lechat@ynov.com
2023-01-05T16:56:45.698Z [Debug Aurélien] i: login from lechat@ynov.com
2023-01-05T17:24:27.350Z [Debug Aurélien] i: login from aurel1@ynov.com
2023-01-05T17:40:32.076Z [Debug Aurélien] i: login from aurel1@ynov.com
2023-01-05T17:43:33.169Z [Debug Aurélien] i: login from aurel1@ynov.com
2023-01-05T17:44:44.702Z [Debug Aurélien] i: login from aurel1@ynov.com
2023-01-05T17:45:33.267Z [Debug Aurélien] i: login from aurel1@ynov.com
2023-01-05T17:46:58.082Z [Debug Aurélien] i: login from aurel1@ynov.com
2023-01-05T17:50:09.167Z [Debug Aurélien] i: login from aurel1@ynov.com
2023-01-05T17:51:25.187Z [Debug Aurélien] i: login from lechat@ynov.com
2023-01-05T17:53:03.640Z [Debug Aurélien] i: login from aurel1@ynov.com
2023-01-05T19:25:35.920Z [Debug Aurélien] i: login from lechat@ynov.com
2023-01-05T20:33:39.317Z [Debug Aurélien] i: login from aurel1@ynov.com
2023-01-05T20:53:25.753Z [Debug Aurélien] i: login from lechat@ynov.com
2023-01-05T20:56:22.150Z [Debug Aurélien] i: login from aurel1@ynov.com
2023-01-05T20:57:22.169Z [Debug Aurélien] i: login from aurel1@ynov.com
2023-01-05T21:07:19.742Z [Debug Aurélien] i: login from lechat@ynov.com
2023-01-05T21:10:58.646Z [Debug Aurélien] i: login from aurel1@ynov.com
2023-01-05T21:12:26.873Z [Debug Aurélien] i: login from lechat@ynov.com
2023-01-05T21:14:24.492Z [Debug Aurélien] i: login from lechat@ynov.com
2023-01-05T21:16:46.815Z [Debug Aurélien] i: login from aurel1@ynov.com
2023-01-05T21:20:15.472Z [Debug Aurélien] i: login from lechat@ynov.com
2023-01-05T21:20:53.601Z [Debug Aurélien] i: login from aurel1@ynov.com
2023-01-05T21:26:05.391Z [Debug Aurélien] i: login from lechat@ynov.com
2023-01-05T21:35:32.394Z [Debug Aurélien] i: login from aurel1@ynov.com
2023-01-05T21:37:32.609Z [Debug Aurélien] i: login from aurel1@ynov.com
2023-01-05T21:49:58.885Z [Debug Aurélien] i: login from lechat@ynov.com
2023-01-05T21:57:14.227Z [Debug Aurélien] i: login from aurel1@ynov.com
2023-01-05T21:59:38.527Z [Debug Aurélien] i: login from lechat@ynov.com
2023-01-05T22:00:14.137Z [Debug Aurélien] i: login from aurel1@ynov.com
2023-01-05T22:20:11.757Z [Debug Aurélien] i: login from aurel1@ynov.com
2023-01-05T22:22:24.685Z [Debug Aurélien] i: login from lechat@ynov.com
2023-01-05T22:24:14.113Z [Debug Aurélien] i: login from aurel1@ynov.com
2023-01-05T22:35:14.625Z [Debug Aurélien] i: login from aurel1@ynov.com
2023-01-05T22:36:13.972Z [Debug Aurélien] i: login from lechat@ynov.com
2023-01-05T22:37:26.382Z [Debug Aurélien] i: login from lechat@ynov.com
2023-01-05T22:38:37.189Z [Debug Aurélien] i: login from aurel1@ynov.com
2023-01-05T22:39:59.568Z [Debug Aurélien] i: login from lechat@ynov.com
2023-01-05T22:42:24.810Z [Debug Aurélien] i: login from aurel1@ynov.com
2023-01-05T22:49:52.179Z [Debug Aurélien] i: login from lechat@ynov.com
2023-01-05T22:52:24.560Z [Debug Aurélien] i: login from lechat@ynov.com
2023-01-05T22:58:58.400Z [Debug Aurélien] i: login from lechat@ynov.com
2023-01-05T23:08:46.474Z [Debug Aurélien] i: login from lechat@ynov.com
2023-01-05T23:09:46.339Z [Debug Aurélien] i: login from aurel1@ynov.com
2023-01-05T23:13:54.822Z [Debug Aurélien] i: login from lechat@ynov.com
2023-01-05T23:19:18.873Z [Debug Aurélien] i: login from lechat@ynov.com
2023-01-05T23:27:34.803Z [Debug Aurélien] i: login from aurel1@ynov.com
2023-01-06T08:45:37.085Z [Debug Aurélien] i: login from aurel1@ynov.com
2023-01-06T08:47:32.286Z [Debug Aurélien] i: login from aurel1@ynov.com
2023-01-06T08:47:33.570Z [Debug Aurélien] i: login from aurel1@ynov.com
2023-01-06T08:47:33.717Z [Debug Aurélien] i: login from aurel1@ynov.com
2023-01-06T08:47:33.982Z [Debug Aurélien] i: login from aurel1@ynov.com
2023-01-06T08:52:39.364Z [Debug Aurélien] i: login from aurel1@ynov.com
2023-01-06T08:53:29.774Z [Debug Aurélien] i: login from aurel1@ynov.com
2023-01-06T08:53:54.262Z [Debug Aurélien] i: login from lechat@ynov.com
2023-01-06T08:54:29.910Z [Debug Aurélien] i: login from aurel1@ynov.com
2023-01-06T09:01:51.213Z [Debug Aurélien] e: login from aurel1@ynov.com: USER RESULT NULL
2023-01-06T09:04:50.354Z [Debug Aurélien] e: login from aurel1@ynov.com: USER RESULT NULL
2023-01-06T09:07:10.072Z [Debug Aurélien] e: login from aze@ynov.com: USER RESULT NULL
2023-01-06T09:08:10.608Z [Debug Aurélien] e: login from aze@hbhkdcv.com: USER RESULT NULL
2023-01-06T09:10:36.652Z [Debug Aurélien] e: login from qwq@aze.com: USER RESULT NULL
2023-01-06T09:20:49.539Z [Debug Aurélien] e: login from aurel1@ynov.com: USER RESULT NULL
2023-01-06T09:20:51.668Z [Debug Aurélien] e: login from aurel1@ynov.com: USER RESULT NULL
2023-01-06T09:20:52.016Z [Debug Aurélien] e: login from aurel1@ynov.com: USER RESULT NULL
2023-01-06T09:20:52.194Z [Debug Aurélien] e: login from aurel1@ynov.com: USER RESULT NULL
2023-01-06T09:20:52.343Z [Debug Aurélien] e: login from aurel1@ynov.com: USER RESULT NULL
2023-01-06T09:20:52.507Z [Debug Aurélien] e: login from aurel1@ynov.com: USER RESULT NULL
2023-01-06T09:20:52.658Z [Debug Aurélien] e: login from aurel1@ynov.com: USER RESULT NULL
2023-01-06T09:21:41.376Z [Debug Aurélien] i: createUser from aurel1@ynov.com
2023-01-06T09:21:41.418Z [Debug Aurélien] i: createUser/save from aurel1@ynov.com
2023-01-06T09:25:31.817Z [Debug Aurélien] e: login from aurel2@ynov.com: USER RESULT NULL
2023-01-06T09:25:39.990Z [Debug Aurélien] i: login from aurel1@ynov.com
2023-01-06T09:27:01.930Z [Debug Aurélien] i: login from aurel1@ynov.com
2023-01-06T09:28:30.979Z [Debug Aurélien] i: login from aurel1@ynov.com
2023-01-06T09:31:43.084Z [Debug Aurélien] i: login from aurel1@ynov.com
2023-01-06T09:33:54.320Z [Debug Aurélien] i: login from aurel1@ynov.com
2023-01-06T09:36:40.418Z [Debug Aurélien] i: login from aurel1@ynov.com
2023-01-06T09:37:56.337Z [Debug Aurélien] i: login from aurel1@ynov.com
2023-01-06T09:39:31.895Z [Debug Aurélien] i: login from aurel1@ynov.com
2023-01-06T09:40:38.977Z [Debug Aurélien] i: login from aurel1@ynov.com
2023-01-06T09:42:36.737Z [Debug Aurélien] i: login from aurel1@ynov.com
2023-01-06T09:57:20.102Z [Debug Aurélien] e: login from aurel@ynov.com: USER RESULT NULL
2023-01-06T10:01:27.333Z [Debug Aurélien] e: login from aurel@ynov.com: USER RESULT NULL
2023-01-06T10:01:30.431Z [Debug Aurélien] e: login from aurel@ynov.com: USER RESULT NULL
2023-01-06T10:01:44.953Z [Debug Aurélien] i: login from aurel1@ynov.com
2023-01-06T10:03:04.836Z [Debug Aurélien] e: login from aurel@ynov.com: USER RESULT NULL
2023-01-06T10:03:33.615Z [Debug Aurélien] e: login from aurel@ynov.com: USER RESULT NULL
2023-01-06T10:03:50.529Z [Debug Aurélien] e: login from aurel@ynov.com: USER RESULT NULL
2023-01-06T10:04:50.115Z [Debug Aurélien] e: login from aurel@ynov.com: USER RESULT NULL
2023-01-06T10:06:15.413Z [Debug Aurélien] e: login from aurel@ynov.com: USER RESULT NULL
2023-01-06T10:06:25.209Z [Debug Aurélien] i: login from aurel1@ynov.com
2023-01-06T10:07:33.202Z [Debug Aurélien] i: login from aurel1@ynov.com
2023-01-06T10:09:56.746Z [Debug Aurélien] i: login from aurel1@ynov.com
2023-01-06T10:10:50.406Z [Debug Aurélien] i: login from aurel1@ynov.com
2023-01-06T10:12:01.228Z [Debug Aurélien] i: login from aurel1@ynov.com
2023-01-06T10:13:05.260Z [Debug Aurélien] i: login from aurel1@ynov.com
2023-01-06T10:14:17.395Z [Debug Aurélien] i: login from aurel1@ynov.com
2023-01-06T10:15:26.816Z [Debug Aurélien] i: login from aurel1@ynov.com
2023-01-06T10:15:56.290Z [Debug Aurélien] i: login from aurel1@ynov.com
2023-01-06T10:16:44.833Z [Debug Aurélien] i: login from aurel1@ynov.com
2023-01-06T10:19:04.426Z [Debug Aurélien] i: login from aurel1@ynov.com
2023-01-06T10:29:35.161Z [Debug Aurélien] i: login from aurel1@ynov.com
2023-01-06T10:31:14.070Z [Debug Aurélien] i: login from aurel1@ynov.com
2023-01-06T10:43:30.285Z [Debug Aurélien] i: login from aurel1@ynov.com
2023-01-06T10:45:45.471Z [Debug Aurélien] i: login from aurel1@ynov.com
2023-01-06T10:48:54.954Z [Debug Aurélien] i: login from aurel1@ynov.com
2023-01-06T10:49:43.658Z [Debug Aurélien] i: login from aurel1@ynov.com
2023-01-06T10:52:32.529Z [Debug Aurélien] i: login from aurel1@ynov.com
2023-01-06T10:57:03.500Z [Debug Aurélien] i: login from aurel1@ynov.com
2023-01-06T10:57:43.555Z [Debug Aurélien] i: login from aurel1@ynov.com
2023-01-06T11:00:43.101Z [Debug Aurélien] i: login from aurel1@ynov.com
2023-01-06T11:07:45.845Z [Debug Aurélien] i: login from aurel1@ynov.com
2023-01-06T11:08:18.333Z [Debug Aurélien] i: login from aurel1@ynov.com
2023-01-06T11:12:28.284Z [Debug Aurélien] i: login from aurel1@ynov.com
2023-01-06T11:16:20.427Z [Debug Aurélien] i: login from aurel1@ynov.com
2023-01-06T11:19:15.107Z [Debug Aurélien] i: login from aurel1@ynov.com
2023-01-06T11:22:32.388Z [Debug Aurélien] i: login from aurel1@ynov.com
2023-01-06T11:24:10.736Z [Debug Aurélien] i: login from aurel1@ynov.com
2023-01-06T11:26:46.322Z [Debug Aurélien] i: login from aurel1@ynov.com
2023-01-06T11:27:51.468Z [Debug Aurélien] i: login from aurel1@ynov.com
2023-01-06T11:31:04.330Z [Debug Aurélien] i: login from aurel1@ynov.com
2023-01-06T11:34:06.428Z [Debug Aurélien] i: login from aurel1@ynov.com
2023-01-06T11:38:27.003Z [Debug Aurélien] i: login from aurel1@ynov.com
2023-01-06T12:12:45.187Z [Debug Aurélien] i: createUser from aurel2@ynov.com
2023-01-06T12:12:45.207Z [Debug Aurélien] i: createUser/save from aurel2@ynov.com
2023-01-06T12:21:03.329Z [Debug Aurélien] i: createUser from aurel3@ynov.com
2023-01-06T12:21:03.346Z [Debug Aurélien] i: createUser/save from aurel3@ynov.com
2023-01-06T12:21:51.953Z [Debug Aurélien] i: createUser from aurel4@ynov.com
2023-01-06T12:21:51.969Z [Debug Aurélien] i: createUser/save from aurel4@ynov.com
2023-01-06T12:22:19.296Z [Debug Aurélien] i: createUser from aurel5@ynov.com
2023-01-06T12:22:19.311Z [Debug Aurélien] i: createUser/save from aurel5@ynov.com
2023-01-06T12:24:29.853Z [Debug Aurélien] i: createUser from aurel2@ynov.com
2023-01-06T12:24:29.871Z [Debug Aurélien] i: createUser/save from aurel2@ynov.com
2023-01-06T12:26:20.587Z [Debug Aurélien] i: createUser from aurel2@ynov.com
2023-01-06T12:26:20.601Z [Debug Aurélien] i: createUser/save from aurel2@ynov.com
2023-01-06T12:26:49.622Z [Debug Aurélien] i: login from aurel1@ynov.com
2023-01-06T12:28:43.928Z [Debug Aurélien] i: createUser from aurel2@ynov.com
2023-01-06T12:28:43.946Z [Debug Aurélien] i: createUser/save from aurel2@ynov.com
2023-01-06T12:29:04.831Z [Debug Aurélien] i: login from aurel2@ynov.com
2023-01-06T12:29:27.339Z [Debug Aurélien] i: createUser from aurel3@ynov.com
2023-01-06T12:29:27.354Z [Debug Aurélien] i: createUser/save from aurel3@ynov.com
2023-01-06T12:30:02.309Z [Debug Aurélien] i: login from aurel1@ynov.com
2023-01-06T12:33:17.651Z [Debug Aurélien] i: login from aurel2@ynov.com
2023-01-06T12:33:48.713Z [Debug Aurélien] i: login from aurel1@ynov.com
2023-01-06T12:38:40.090Z [Debug Aurélien] i: login from aurel1@ynov.com
2023-01-06T12:44:16.925Z [Debug Aurélien] i: login from aurel1@ynov.com
2023-01-06T12:45:55.905Z [Debug Aurélien] i: login from aurel1@ynov.com
2023-01-06T12:47:41.166Z [Debug Aurélien] i: login from aurel1@ynov.com
2023-01-06T12:48:48.556Z [Debug Aurélien] i: login from aurel1@ynov.com
2023-01-06T12:51:50.605Z [Debug Aurélien] i: login from aurel1@ynov.com
2023-01-06T12:52:29.644Z [Debug Aurélien] i: login from aurel1@ynov.com
2023-01-06T12:54:13.210Z [Debug Aurélien] i: login from aurel1@ynov.com
2023-01-06T12:54:45.201Z [Debug Aurélien] i: login from aurel2@ynov.com
2023-01-06T12:57:51.434Z [Debug Aurélien] i: login from aurel2@ynov.com
2023-01-06T12:59:28.064Z [Debug Aurélien] i: createUser from aurel3@ynov.com
2023-01-06T12:59:28.079Z [Debug Aurélien] i: createUser/save from aurel3@ynov.com
2023-01-06T12:59:45.968Z [Debug Aurélien] i: login from aurel1@ynov.com
2023-01-06T13:04:51.337Z [Debug Aurélien] i: login from aurel1@ynov.com
2023-01-06T13:05:59.335Z [Debug Aurélien] i: login from aurel3@ynov.com
2023-01-06T13:06:24.174Z [Debug Aurélien] i: login from aurel2@ynov.com
2023-01-06T13:10:38.716Z [Debug Aurélien] i: login from aurel1@ynov.com
2023-01-06T16:30:24.744Z [Debug Aurélien] i: login from aurel1@ynov.com
2023-01-07T17:52:25.765Z [Debug Aurélien] i: login from aurel1@ynov.com
2023-01-08T12:22:52.751Z [Debug Aurélien] i: login from aurel1@ynov.com
2023-01-08T17:32:51.581Z [Debug Aurélien] i: login from aurel2@ynov.com
2023-01-08T22:32:20.288Z [Debug Aurélien] i: login from aurel1@ynov.com
2023-01-09T18:44:58.907Z [Debug Aurélien] i: login from aurel1@ynov.com
2023-01-09T22:09:12.212Z [Debug Aurélien] i: login from aurel1@ynov.com
2023-01-09T22:14:21.323Z [Debug Aurélien] i: createUser from aurel10@ynov.com
2023-01-09T22:14:21.371Z [Debug Aurélien] i: createUser/save from aurel10@ynov.com
2023-01-09T22:14:42.916Z [Debug Aurélien] i: login from aurel10@ynov.com
2023-01-09T22:17:43.476Z [Debug Aurélien] i: login from aurel10@ynov.com
2023-01-09T22:18:05.447Z [Debug Aurélien] i: login from aurel1@ynov.com
2023-01-09T22:23:17.397Z [Debug Aurélien] i: login from aurel10@ynov.com
2023-01-09T22:36:39.232Z [Debug Aurélien] i: login from aurel1@ynov.com
2023-01-10T17:17:30.385Z [Debug Aurélien] e: login from Aurel1@ynov.com: USER RESULT NULL
2023-01-10T17:17:36.167Z [Debug Aurélien] i: login from aurel1@ynov.com
2023-01-10T17:19:55.957Z [Debug Aurélien] i: login from aurel1@ynov.com
2023-01-11T19:02:05.353Z [Debug Aurélien] i: login from aurel1@ynov.com
2023-01-11T19:13:55.089Z [Debug Aurélien] i: login from aurel1@ynov.com
