2022-12-08T17:56:58.019Z [Debug Aurélien] e: Echec décodage du token
2022-12-08T17:56:58.034Z [Debug Aurélien] e: Echec: UNAUTHORIZED 2
2022-12-08T17:57:59.105Z [Debug Aurélien] e: Echec décodage du token
2022-12-08T17:57:59.119Z [Debug Aurélien] e: Echec: UNAUTHORIZED 2
2022-12-08T17:58:16.550Z [Debug Aurélien] e: Echec décodage du token
2022-12-08T17:58:16.565Z [Debug Aurélien] e: Echec: UNAUTHORIZED 2
2022-12-08T17:58:40.749Z [Debug Aurélien] e: Echec décodage du token
2022-12-08T17:58:40.763Z [Debug Aurélien] e: Echec: UNAUTHORIZED 2
2022-12-08T17:59:02.724Z [Debug Aurélien] e: Echec: UNAUTHORIZED 1 : un user a voulu s'enregistrer avec l'email : aurel104@ynov.com
2022-12-08T18:00:03.721Z [Debug Aurélien] e: Echec décodage du token
2022-12-08T18:00:03.735Z [Debug Aurélien] e: Echec: UNAUTHORIZED 2
2022-12-08T18:00:55.193Z [Debug Aurélien] e: Echec: UNAUTHORIZED 1 : un user a voulu s'enregistrer avec l'email : aurel104@ynov.com
2022-12-08T18:02:21.861Z [Debug Aurélien] e: Echec décodage du token
2022-12-08T18:02:21.878Z [Debug Aurélien] e: Echec: UNAUTHORIZED 2
2022-12-08T18:03:05.166Z [Debug Aurélien] e: Echec décodage du token
2022-12-08T18:03:05.181Z [Debug Aurélien] e: Echec: UNAUTHORIZED 2
2022-12-08T18:03:26.646Z [Debug Aurélien] e: Echec décodage du token
2022-12-08T18:03:26.662Z [Debug Aurélien] e: Echec: UNAUTHORIZED 2
2023-01-05T12:23:41.293Z [Debug Aurélien] e: createUser/save from : API REST ERROR: Pb avec la creation
2023-01-05T12:23:44.506Z [Debug Aurélien] e: createUser/save from wq: API REST ERROR: Pb avec la creation
2023-01-05T12:23:50.286Z [Debug Aurélien] e: createUser/save from qww: API REST ERROR: Pb avec la creation
2023-01-05T12:32:42.400Z [Debug Aurélien] e: createUser/save from : API REST ERROR: Pb avec la creation
2023-01-05T12:46:03.687Z [Debug Aurélien] e: login from aurel105@ynov.com: USER RESULT NULL
2023-01-05T12:46:15.824Z [Debug Aurélien] e: login from aurel1@ynov.com: API REST ERROR: COMPARISON FAILED
2023-01-05T12:56:56.549Z [Debug Aurélien] e: Echec décodage du token
2023-01-05T12:56:56.573Z [Debug Aurélien] e: Echec: UNAUTHORIZED 2
2023-01-05T16:25:06.155Z [Debug Aurélien] e: login from lechat@ynvo.com: USER RESULT NULL
2023-01-05T16:25:57.998Z [Debug Aurélien] e: login from toto@tata.com: USER RESULT NULL
2023-01-05T16:27:38.989Z [Debug Aurélien] e: login from toto@tata.com: USER RESULT NULL
2023-01-06T09:01:51.213Z [Debug Aurélien] e: login from aurel1@ynov.com: USER RESULT NULL
2023-01-06T09:04:50.354Z [Debug Aurélien] e: login from aurel1@ynov.com: USER RESULT NULL
2023-01-06T09:07:10.072Z [Debug Aurélien] e: login from aze@ynov.com: USER RESULT NULL
2023-01-06T09:08:10.608Z [Debug Aurélien] e: login from aze@hbhkdcv.com: USER RESULT NULL
2023-01-06T09:10:36.652Z [Debug Aurélien] e: login from qwq@aze.com: USER RESULT NULL
2023-01-06T09:20:49.539Z [Debug Aurélien] e: login from aurel1@ynov.com: USER RESULT NULL
2023-01-06T09:20:51.668Z [Debug Aurélien] e: login from aurel1@ynov.com: USER RESULT NULL
2023-01-06T09:20:52.016Z [Debug Aurélien] e: login from aurel1@ynov.com: USER RESULT NULL
2023-01-06T09:20:52.194Z [Debug Aurélien] e: login from aurel1@ynov.com: USER RESULT NULL
2023-01-06T09:20:52.343Z [Debug Aurélien] e: login from aurel1@ynov.com: USER RESULT NULL
2023-01-06T09:20:52.507Z [Debug Aurélien] e: login from aurel1@ynov.com: USER RESULT NULL
2023-01-06T09:20:52.658Z [Debug Aurélien] e: login from aurel1@ynov.com: USER RESULT NULL
2023-01-06T09:25:31.817Z [Debug Aurélien] e: login from aurel2@ynov.com: USER RESULT NULL
2023-01-06T09:57:20.102Z [Debug Aurélien] e: login from aurel@ynov.com: USER RESULT NULL
2023-01-06T10:01:27.333Z [Debug Aurélien] e: login from aurel@ynov.com: USER RESULT NULL
2023-01-06T10:01:30.431Z [Debug Aurélien] e: login from aurel@ynov.com: USER RESULT NULL
2023-01-06T10:03:04.836Z [Debug Aurélien] e: login from aurel@ynov.com: USER RESULT NULL
2023-01-06T10:03:33.615Z [Debug Aurélien] e: login from aurel@ynov.com: USER RESULT NULL
2023-01-06T10:03:50.529Z [Debug Aurélien] e: login from aurel@ynov.com: USER RESULT NULL
2023-01-06T10:04:50.115Z [Debug Aurélien] e: login from aurel@ynov.com: USER RESULT NULL
2023-01-06T10:06:15.413Z [Debug Aurélien] e: login from aurel@ynov.com: USER RESULT NULL
2023-01-10T17:17:30.385Z [Debug Aurélien] e: login from Aurel1@ynov.com: USER RESULT NULL
